<?xml version="1.0" encoding="UTF-8"?>
<!-- Generated by org.testng.reporters.JUnitReportReporter -->
<testsuite hostname="WKWIN6984194" failures="0" tests="2" name="parallelRun.parallelRunner2" time="49.620" errors="0" timestamp="2020-12-29T06:33:01 IST" skipped="0">
  <testcase classname="parallelRun.parallelRunner2" name="runScenario" time="25.217"/>
  <system-out/>
  <testcase classname="parallelRun.parallelRunner2" name="runScenario" time="24.403"/>
  <system-out/>
</testsuite> <!-- parallelRun.parallelRunner2 -->
